This file contains any messages produced by compilers while
running configure, to aid debugging if configure makes a mistake.

It was created by gpm configure 1.20.6 20090209 10:59:23 +0100, which was
generated by GNU Autoconf 2.61.  Invocation command line was

  $ ./configure 

## --------- ##
## Platform. ##
## --------- ##

hostname = hamarti
uname -m = i686
uname -r = 2.6.32-22-generic
uname -s = Linux
uname -v = #33-Ubuntu SMP Wed Apr 28 13:27:30 UTC 2010

/usr/bin/uname -p = unknown
/bin/uname -X     = unknown

/bin/arch              = unknown
/usr/bin/arch -k       = unknown
/usr/convex/getsysinfo = unknown
/usr/bin/hostinfo      = unknown
/bin/machine           = unknown
/usr/bin/oslevel       = unknown
/bin/universe          = unknown

PATH: /usr/local/sbin
PATH: /usr/local/bin
PATH: /usr/sbin
PATH: /usr/bin
PATH: /sbin
PATH: /bin
PATH: /usr/games


## ----------- ##
## Core tests. ##
## ----------- ##

configure:1781: checking build system type
configure:1799: result: i686-pc-linux-gnu
configure:1821: checking host system type
configure:1836: result: i686-pc-linux-gnu
configure:1950: checking for gcc
configure:1966: found /usr/bin/gcc
configure:1977: result: gcc
configure:2215: checking for C compiler version
configure:2222: gcc --version >&5
gcc (Ubuntu 4.4.3-4ubuntu5) 4.4.3
Copyright (C) 2009 Free Software Foundation, Inc.
This is free software; see the source for copying conditions.  There is NO
warranty; not even for MERCHANTABILITY or FITNESS FOR A PARTICULAR PURPOSE.

configure:2225: $? = 0
configure:2232: gcc -v >&5
Using built-in specs.
Target: i486-linux-gnu
Configured with: ../src/configure -v --with-pkgversion='Ubuntu 4.4.3-4ubuntu5' --with-bugurl=file:///usr/share/doc/gcc-4.4/README.Bugs --enable-languages=c,c++,fortran,objc,obj-c++ --prefix=/usr --enable-shared --enable-multiarch --enable-linker-build-id --with-system-zlib --libexecdir=/usr/lib --without-included-gettext --enable-threads=posix --with-gxx-include-dir=/usr/include/c++/4.4 --program-suffix=-4.4 --enable-nls --enable-clocale=gnu --enable-libstdcxx-debug --enable-plugin --enable-objc-gc --enable-targets=all --disable-werror --with-arch-32=i486 --with-tune=generic --enable-checking=release --build=i486-linux-gnu --host=i486-linux-gnu --target=i486-linux-gnu
Thread model: posix
gcc version 4.4.3 (Ubuntu 4.4.3-4ubuntu5) 
configure:2235: $? = 0
configure:2242: gcc -V >&5
gcc: '-V' option must have argument
configure:2245: $? = 1
configure:2268: checking for C compiler default output file name
configure:2295: gcc -D_GNU_SOURCE   conftest.c  >&5
configure:2298: $? = 0
configure:2336: result: a.out
configure:2353: checking whether the C compiler works
configure:2363: ./a.out
configure:2366: $? = 0
configure:2383: result: yes
configure:2390: checking whether we are cross compiling
configure:2392: result: no
configure:2395: checking for suffix of executables
configure:2402: gcc -o conftest -D_GNU_SOURCE   conftest.c  >&5
configure:2405: $? = 0
configure:2429: result: 
configure:2435: checking for suffix of object files
configure:2461: gcc -c -D_GNU_SOURCE  conftest.c >&5
configure:2464: $? = 0
configure:2487: result: o
configure:2491: checking whether we are using the GNU C compiler
configure:2520: gcc -c -D_GNU_SOURCE  conftest.c >&5
configure:2526: $? = 0
configure:2543: result: yes
configure:2548: checking whether gcc accepts -g
configure:2578: gcc -c -g  conftest.c >&5
configure:2584: $? = 0
configure:2683: result: yes
configure:2700: checking for gcc option to accept ISO C89
configure:2774: gcc  -c -D_GNU_SOURCE  conftest.c >&5
configure:2780: $? = 0
configure:2803: result: none needed
configure:2864: checking for ranlib
configure:2880: found /usr/bin/ranlib
configure:2891: result: ranlib
configure:2930: checking for a BSD-compatible install
configure:2986: result: /usr/bin/install -c
configure:3001: checking for bison
configure:3017: found /usr/bin/bison
configure:3028: result: bison -y
configure:3040: checking whether ln -s works
configure:3044: result: yes
configure:3055: checking for dvips
configure:3073: found /usr/bin/dvips
configure:3086: result: /usr/bin/dvips
configure:3096: checking for texi2html
configure:3114: found /usr/bin/texi2html
configure:3127: result: /usr/bin/texi2html
configure:3137: checking for tex
configure:3155: found /usr/bin/tex
configure:3168: result: /usr/bin/tex
configure:3178: checking for texindex
configure:3209: result: no
configure:3219: checking for makeinfo
configure:3250: result: no
configure:3260: checking for diff
configure:3278: found /usr/bin/diff
configure:3291: result: /usr/bin/diff
configure:3301: checking for sed
configure:3319: found /bin/sed
configure:3332: result: /bin/sed
configure:3342: checking for emacs
configure:3373: result: no
configure:3418: checking how to run the C preprocessor
configure:3458: gcc -E  conftest.c
configure:3464: $? = 0
configure:3495: gcc -E  conftest.c
conftest.c:12:28: error: ac_nonexistent.h: No such file or directory
configure:3501: $? = 1
configure: failed program was:
| /* confdefs.h.  */
| #define PACKAGE_NAME "gpm"
| #define PACKAGE_TARNAME "gpm"
| #define PACKAGE_VERSION "1.20.6 20090209 10:59:23 +0100"
| #define PACKAGE_STRING "gpm "version-set-in-.gitversion-via-acinclude.m4""
| #define PACKAGE_BUGREPORT "http://unix.schottelius.org/gpm/"
| #define GPM_ABI_LEV 2
| #define GPM_ABI_AGE 1
| #define GPM_ABI_REV 0
| #define GPM_ABI_FULL "2.1.0"
| /* end confdefs.h.  */
| #include <ac_nonexistent.h>
configure:3534: result: gcc -E
configure:3563: gcc -E  conftest.c
configure:3569: $? = 0
configure:3600: gcc -E  conftest.c
conftest.c:12:28: error: ac_nonexistent.h: No such file or directory
configure:3606: $? = 1
configure: failed program was:
| /* confdefs.h.  */
| #define PACKAGE_NAME "gpm"
| #define PACKAGE_TARNAME "gpm"
| #define PACKAGE_VERSION "1.20.6 20090209 10:59:23 +0100"
| #define PACKAGE_STRING "gpm "version-set-in-.gitversion-via-acinclude.m4""
| #define PACKAGE_BUGREPORT "http://unix.schottelius.org/gpm/"
| #define GPM_ABI_LEV 2
| #define GPM_ABI_AGE 1
| #define GPM_ABI_REV 0
| #define GPM_ABI_FULL "2.1.0"
| /* end confdefs.h.  */
| #include <ac_nonexistent.h>
configure:3644: checking for grep that handles long lines and -e
configure:3718: result: /bin/grep
configure:3723: checking for egrep
configure:3801: result: /bin/grep -E
configure:3806: checking for ANSI C header files
configure:3836: gcc -c -D_GNU_SOURCE  conftest.c >&5
configure:3842: $? = 0
configure:3941: gcc -o conftest -D_GNU_SOURCE   conftest.c  >&5
configure:3944: $? = 0
configure:3950: ./conftest
configure:3953: $? = 0
configure:3970: result: yes
configure:3994: checking for sys/types.h
configure:4015: gcc -c -D_GNU_SOURCE  conftest.c >&5
configure:4021: $? = 0
configure:4037: result: yes
configure:3994: checking for sys/stat.h
configure:4015: gcc -c -D_GNU_SOURCE  conftest.c >&5
configure:4021: $? = 0
configure:4037: result: yes
configure:3994: checking for stdlib.h
configure:4015: gcc -c -D_GNU_SOURCE  conftest.c >&5
configure:4021: $? = 0
configure:4037: result: yes
configure:3994: checking for string.h
configure:4015: gcc -c -D_GNU_SOURCE  conftest.c >&5
configure:4021: $? = 0
configure:4037: result: yes
configure:3994: checking for memory.h
configure:4015: gcc -c -D_GNU_SOURCE  conftest.c >&5
configure:4021: $? = 0
configure:4037: result: yes
configure:3994: checking for strings.h
configure:4015: gcc -c -D_GNU_SOURCE  conftest.c >&5
configure:4021: $? = 0
configure:4037: result: yes
configure:3994: checking for inttypes.h
configure:4015: gcc -c -D_GNU_SOURCE  conftest.c >&5
configure:4021: $? = 0
configure:4037: result: yes
configure:3994: checking for stdint.h
configure:4015: gcc -c -D_GNU_SOURCE  conftest.c >&5
configure:4021: $? = 0
configure:4037: result: yes
configure:3994: checking for unistd.h
configure:4015: gcc -c -D_GNU_SOURCE  conftest.c >&5
configure:4021: $? = 0
configure:4037: result: yes
configure:4069: checking syslog.h usability
configure:4086: gcc -c -D_GNU_SOURCE  conftest.c >&5
configure:4092: $? = 0
configure:4106: result: yes
configure:4110: checking syslog.h presence
configure:4125: gcc -E  conftest.c
configure:4131: $? = 0
configure:4145: result: yes
configure:4178: checking for syslog.h
configure:4186: result: yes
configure:4069: checking linux/input.h usability
configure:4086: gcc -c -D_GNU_SOURCE  conftest.c >&5
configure:4092: $? = 0
configure:4106: result: yes
configure:4110: checking linux/input.h presence
configure:4125: gcc -E  conftest.c
configure:4131: $? = 0
configure:4145: result: yes
configure:4178: checking for linux/input.h
configure:4186: result: yes
configure:4069: checking linux/joystick.h usability
configure:4086: gcc -c -D_GNU_SOURCE  conftest.c >&5
configure:4092: $? = 0
configure:4106: result: yes
configure:4110: checking linux/joystick.h presence
configure:4125: gcc -E  conftest.c
configure:4131: $? = 0
configure:4145: result: yes
configure:4178: checking for linux/joystick.h
configure:4186: result: yes
configure:4069: checking ncurses.h usability
configure:4086: gcc -c -D_GNU_SOURCE  conftest.c >&5
configure:4092: $? = 0
configure:4106: result: yes
configure:4110: checking ncurses.h presence
configure:4125: gcc -E  conftest.c
configure:4131: $? = 0
configure:4145: result: yes
configure:4178: checking for ncurses.h
configure:4186: result: yes
configure:4069: checking ncurses/curses.h usability
configure:4086: gcc -c -D_GNU_SOURCE  conftest.c >&5
conftest.c:59:28: error: ncurses/curses.h: No such file or directory
configure:4092: $? = 1
configure: failed program was:
| /* confdefs.h.  */
| #define PACKAGE_NAME "gpm"
| #define PACKAGE_TARNAME "gpm"
| #define PACKAGE_VERSION "1.20.6 20090209 10:59:23 +0100"
| #define PACKAGE_STRING "gpm "version-set-in-.gitversion-via-acinclude.m4""
| #define PACKAGE_BUGREPORT "http://unix.schottelius.org/gpm/"
| #define GPM_ABI_LEV 2
| #define GPM_ABI_AGE 1
| #define GPM_ABI_REV 0
| #define GPM_ABI_FULL "2.1.0"
| #define STDC_HEADERS 1
| #define HAVE_SYS_TYPES_H 1
| #define HAVE_SYS_STAT_H 1
| #define HAVE_STDLIB_H 1
| #define HAVE_STRING_H 1
| #define HAVE_MEMORY_H 1
| #define HAVE_STRINGS_H 1
| #define HAVE_INTTYPES_H 1
| #define HAVE_STDINT_H 1
| #define HAVE_UNISTD_H 1
| #define HAVE_SYSLOG_H 1
| #define HAVE_LINUX_INPUT_H 1
| #define HAVE_LINUX_JOYSTICK_H 1
| #define HAVE_NCURSES_H 1
| /* end confdefs.h.  */
| #include <stdio.h>
| #ifdef HAVE_SYS_TYPES_H
| # include <sys/types.h>
| #endif
| #ifdef HAVE_SYS_STAT_H
| # include <sys/stat.h>
| #endif
| #ifdef STDC_HEADERS
| # include <stdlib.h>
| # include <stddef.h>
| #else
| # ifdef HAVE_STDLIB_H
| #  include <stdlib.h>
| # endif
| #endif
| #ifdef HAVE_STRING_H
| # if !defined STDC_HEADERS && defined HAVE_MEMORY_H
| #  include <memory.h>
| # endif
| # include <string.h>
| #endif
| #ifdef HAVE_STRINGS_H
| # include <strings.h>
| #endif
| #ifdef HAVE_INTTYPES_H
| # include <inttypes.h>
| #endif
| #ifdef HAVE_STDINT_H
| # include <stdint.h>
| #endif
| #ifdef HAVE_UNISTD_H
| # include <unistd.h>
| #endif
| #include <ncurses/curses.h>
configure:4106: result: no
configure:4110: checking ncurses/curses.h presence
configure:4125: gcc -E  conftest.c
conftest.c:26:28: error: ncurses/curses.h: No such file or directory
configure:4131: $? = 1
configure: failed program was:
| /* confdefs.h.  */
| #define PACKAGE_NAME "gpm"
| #define PACKAGE_TARNAME "gpm"
| #define PACKAGE_VERSION "1.20.6 20090209 10:59:23 +0100"
| #define PACKAGE_STRING "gpm "version-set-in-.gitversion-via-acinclude.m4""
| #define PACKAGE_BUGREPORT "http://unix.schottelius.org/gpm/"
| #define GPM_ABI_LEV 2
| #define GPM_ABI_AGE 1
| #define GPM_ABI_REV 0
| #define GPM_ABI_FULL "2.1.0"
| #define STDC_HEADERS 1
| #define HAVE_SYS_TYPES_H 1
| #define HAVE_SYS_STAT_H 1
| #define HAVE_STDLIB_H 1
| #define HAVE_STRING_H 1
| #define HAVE_MEMORY_H 1
| #define HAVE_STRINGS_H 1
| #define HAVE_INTTYPES_H 1
| #define HAVE_STDINT_H 1
| #define HAVE_UNISTD_H 1
| #define HAVE_SYSLOG_H 1
| #define HAVE_LINUX_INPUT_H 1
| #define HAVE_LINUX_JOYSTICK_H 1
| #define HAVE_NCURSES_H 1
| /* end confdefs.h.  */
| #include <ncurses/curses.h>
configure:4145: result: no
configure:4178: checking for ncurses/curses.h
configure:4186: result: no
configure:4069: checking curses.h usability
configure:4086: gcc -c -D_GNU_SOURCE  conftest.c >&5
configure:4092: $? = 0
configure:4106: result: yes
configure:4110: checking curses.h presence
configure:4125: gcc -E  conftest.c
configure:4131: $? = 0
configure:4145: result: yes
configure:4178: checking for curses.h
configure:4186: result: yes
configure:4216: checking sys/sysmacros.h usability
configure:4233: gcc -c -D_GNU_SOURCE  conftest.c >&5
configure:4239: $? = 0
configure:4253: result: yes
configure:4257: checking sys/sysmacros.h presence
configure:4272: gcc -E  conftest.c
configure:4278: $? = 0
configure:4292: result: yes
configure:4325: checking for sys/sysmacros.h
configure:4333: result: yes
configure:4216: checking linux/major.h usability
configure:4233: gcc -c -D_GNU_SOURCE  conftest.c >&5
configure:4239: $? = 0
configure:4253: result: yes
configure:4257: checking linux/major.h presence
configure:4272: gcc -E  conftest.c
configure:4278: $? = 0
configure:4292: result: yes
configure:4325: checking for linux/major.h
configure:4333: result: yes
configure:4216: checking linux/tty.h usability
configure:4233: gcc -c -D_GNU_SOURCE  conftest.c >&5
configure:4239: $? = 0
configure:4253: result: yes
configure:4257: checking linux/tty.h presence
configure:4272: gcc -E  conftest.c
configure:4278: $? = 0
configure:4292: result: yes
configure:4325: checking for linux/tty.h
configure:4333: result: yes
configure:4363: checking sys/socket.h usability
configure:4380: gcc -c -D_GNU_SOURCE  conftest.c >&5
configure:4386: $? = 0
configure:4400: result: yes
configure:4404: checking sys/socket.h presence
configure:4419: gcc -E  conftest.c
configure:4425: $? = 0
configure:4439: result: yes
configure:4472: checking for sys/socket.h
configure:4480: result: yes
configure:4516: checking for __u32
configure:4547: gcc -c -D_GNU_SOURCE  conftest.c >&5
configure:4553: $? = 0
configure:4568: result: yes
configure:4579: checking whether system is ELF
configure:4606: result: yes
configure:4627: checking for vsyslog
configure:4683: gcc -o conftest -D_GNU_SOURCE   conftest.c  >&5
configure:4689: $? = 0
configure:4707: result: yes
configure:4627: checking for syslog
configure:4683: gcc -o conftest -D_GNU_SOURCE   conftest.c  >&5
configure:4689: $? = 0
configure:4707: result: yes
configure:4719: checking for working alloca.h
configure:4746: gcc -o conftest -D_GNU_SOURCE   conftest.c  >&5
configure:4752: $? = 0
configure:4769: result: yes
configure:4779: checking for alloca
configure:4826: gcc -o conftest -D_GNU_SOURCE   conftest.c  >&5
configure:4832: $? = 0
configure:4849: result: yes
configure:5086: checking for tputs in -ltinfo
configure:5121: gcc -o conftest -D_GNU_SOURCE   conftest.c -ltinfo   >&5
/usr/bin/ld: cannot find -ltinfo
collect2: ld returned 1 exit status
configure:5127: $? = 1
configure: failed program was:
| /* confdefs.h.  */
| #define PACKAGE_NAME "gpm"
| #define PACKAGE_TARNAME "gpm"
| #define PACKAGE_VERSION "1.20.6 20090209 10:59:23 +0100"
| #define PACKAGE_STRING "gpm "version-set-in-.gitversion-via-acinclude.m4""
| #define PACKAGE_BUGREPORT "http://unix.schottelius.org/gpm/"
| #define GPM_ABI_LEV 2
| #define GPM_ABI_AGE 1
| #define GPM_ABI_REV 0
| #define GPM_ABI_FULL "2.1.0"
| #define STDC_HEADERS 1
| #define HAVE_SYS_TYPES_H 1
| #define HAVE_SYS_STAT_H 1
| #define HAVE_STDLIB_H 1
| #define HAVE_STRING_H 1
| #define HAVE_MEMORY_H 1
| #define HAVE_STRINGS_H 1
| #define HAVE_INTTYPES_H 1
| #define HAVE_STDINT_H 1
| #define HAVE_UNISTD_H 1
| #define HAVE_SYSLOG_H 1
| #define HAVE_LINUX_INPUT_H 1
| #define HAVE_LINUX_JOYSTICK_H 1
| #define HAVE_NCURSES_H 1
| #define HAVE_CURSES_H 1
| #define HAVE_SYS_SYSMACROS_H 1
| #define HAVE_LINUX_MAJOR_H 1
| #define HAVE_LINUX_TTY_H 1
| #define HAVE_SYS_SOCKET_H 1
| #define HAVE___U32 1
| #define HAVE_VSYSLOG 1
| #define HAVE_SYSLOG 1
| #define HAVE_ALLOCA_H 1
| #define HAVE_ALLOCA 1
| /* end confdefs.h.  */
| 
| /* Override any GCC internal prototype to avoid an error.
|    Use char because int might match the return type of a GCC
|    builtin and then its argument prototype would still apply.  */
| #ifdef __cplusplus
| extern "C"
| #endif
| char tputs ();
| int
| main ()
| {
| return tputs ();
|   ;
|   return 0;
| }
configure:5146: result: no
configure:5086: checking for tputs in -lncurses
configure:5121: gcc -o conftest -D_GNU_SOURCE   conftest.c -lncurses   >&5
configure:5127: $? = 0
configure:5146: result: yes
configure:5165: checking for wgetch in -lncurses
configure:5200: gcc -o conftest -D_GNU_SOURCE   conftest.c -lncurses -lncurses   >&5
configure:5206: $? = 0
configure:5225: result: yes
configure:5362: creating ./config.status

## ---------------------- ##
## Running config.status. ##
## ---------------------- ##

This file was extended by gpm config.status 1.20.6 20090209 10:59:23 +0100, which was
generated by GNU Autoconf 2.61.  Invocation command line was

  CONFIG_FILES    = 
  CONFIG_HEADERS  = 
  CONFIG_LINKS    = 
  CONFIG_COMMANDS = 
  $ ./config.status 

on hamarti

config.status:634: creating Makefile.include
config.status:634: creating Makefile
config.status:634: creating doc/Makefile
config.status:634: creating src/Makefile
config.status:634: creating contrib/Makefile
config.status:634: creating doc/doc.gpm
config.status:634: creating src/headers/config.h

## ---------------- ##
## Cache variables. ##
## ---------------- ##

ac_cv_build=i686-pc-linux-gnu
ac_cv_c_compiler_gnu=yes
ac_cv_env_CC_set=
ac_cv_env_CC_value=
ac_cv_env_CFLAGS_set=set
ac_cv_env_CFLAGS_value=-D_GNU_SOURCE
ac_cv_env_CPPFLAGS_set=
ac_cv_env_CPPFLAGS_value=
ac_cv_env_CPP_set=
ac_cv_env_CPP_value=
ac_cv_env_LDFLAGS_set=
ac_cv_env_LDFLAGS_value=
ac_cv_env_LIBS_set=
ac_cv_env_LIBS_value=
ac_cv_env_YACC_set=
ac_cv_env_YACC_value=
ac_cv_env_YFLAGS_set=
ac_cv_env_YFLAGS_value=
ac_cv_env_build_alias_set=
ac_cv_env_build_alias_value=
ac_cv_env_host_alias_set=
ac_cv_env_host_alias_value=
ac_cv_env_target_alias_set=
ac_cv_env_target_alias_value=
ac_cv_func_alloca_works=yes
ac_cv_func_syslog=yes
ac_cv_func_vsyslog=yes
ac_cv_header_curses_h=yes
ac_cv_header_inttypes_h=yes
ac_cv_header_linux_input_h=yes
ac_cv_header_linux_joystick_h=yes
ac_cv_header_linux_major_h=yes
ac_cv_header_linux_tty_h=yes
ac_cv_header_memory_h=yes
ac_cv_header_ncurses_curses_h=no
ac_cv_header_ncurses_h=yes
ac_cv_header_stdc=yes
ac_cv_header_stdint_h=yes
ac_cv_header_stdlib_h=yes
ac_cv_header_string_h=yes
ac_cv_header_strings_h=yes
ac_cv_header_sys_socket_h=yes
ac_cv_header_sys_stat_h=yes
ac_cv_header_sys_sysmacros_h=yes
ac_cv_header_sys_types_h=yes
ac_cv_header_syslog_h=yes
ac_cv_header_unistd_h=yes
ac_cv_host=i686-pc-linux-gnu
ac_cv_lib_ncurses___tputs=yes
ac_cv_lib_ncurses___wgetch=yes
ac_cv_lib_tinfo___tputs=no
ac_cv_objext=o
ac_cv_path_DIFF=/usr/bin/diff
ac_cv_path_DVIPS=/usr/bin/dvips
ac_cv_path_EGREP='/bin/grep -E'
ac_cv_path_GREP=/bin/grep
ac_cv_path_MAKEINFO=no
ac_cv_path_SED=/bin/sed
ac_cv_path_TEX=/usr/bin/tex
ac_cv_path_TEXI2HTML=/usr/bin/texi2html
ac_cv_path_TEXINDEX=no
ac_cv_path_emacs=no
ac_cv_path_install='/usr/bin/install -c'
ac_cv_prog_CPP='gcc -E'
ac_cv_prog_YACC='bison -y'
ac_cv_prog_ac_ct_CC=gcc
ac_cv_prog_ac_ct_RANLIB=ranlib
ac_cv_prog_cc_c89=
ac_cv_prog_cc_g=yes
ac_cv_working_alloca_h=yes
itz_cv_sys_elf=yes
itz_cv_type___u32=yes

## ----------------- ##
## Output variables. ##
## ----------------- ##

ALLOCA=''
CC='gcc'
CFLAGS='-D_GNU_SOURCE'
CPP='gcc -E'
CPPFLAGS=' -I$(srcdir) $(DEFS) -include headers/config.h -Wall -DSYSCONFDIR="\"$(sysconfdir)\"" -DSBINDIR="\"$(sbindir)\"" -D_GNU_SOURCE'
CURSES_OBJS='lib/libcurses.o'
DEFS='-DHAVE_CONFIG_H'
DIFF='/usr/bin/diff'
DVIPS='/usr/bin/dvips'
ECHO_C=''
ECHO_N='-n'
ECHO_T=''
EGREP='/bin/grep -E'
ELISP=''
EMACS=':'
EXEEXT=''
GPMXTERM=''
GREP='/bin/grep'
INSTALL_DATA='${INSTALL} -m 644'
INSTALL_PROGRAM='${INSTALL}'
INSTALL_SCRIPT='${INSTALL}'
LDFLAGS=' -L$(srcdir)'
LIBOBJS=''
LIBS=''
LN_S='ln -s'
LTLIBOBJS=''
MAKEINFO='no'
OBJEXT='o'
PACKAGE_BUGREPORT='http://unix.schottelius.org/gpm/'
PACKAGE_NAME='gpm'
PACKAGE_STRING='gpm "version-set-in-.gitversion-via-acinclude.m4"'
PACKAGE_TARNAME='gpm'
PACKAGE_VERSION='1.20.6 20090209 10:59:23 +0100'
PATH_SEPARATOR=':'
PICFLAGS='-DPIC -fPIC'
RANLIB='ranlib'
SED='/bin/sed'
SHARED_LIBS='-lncurses  -lncurses  -lc'
SHELL='/bin/bash'
SHLIB='libgpm.so'
SOLDFLAGS='-fPIC -shared -Wl,-soname,'
TEX='/usr/bin/tex'
TEXI2HTML='/usr/bin/texi2html'
TEXINDEX='no'
YACC='bison -y'
YFLAGS=''
abi_full='2.1.0'
abi_lev='2'
ac_ct_CC='gcc'
bindir='${exec_prefix}/bin'
build='i686-pc-linux-gnu'
build_alias=''
build_cpu='i686'
build_os='linux-gnu'
build_vendor='pc'
datadir='${datarootdir}'
datarootdir='${prefix}/share'
docdir='${datarootdir}/doc/${PACKAGE_TARNAME}'
dvidir='${docdir}'
emacs='no'
exec_prefix='${prefix}'
host='i686-pc-linux-gnu'
host_alias=''
host_cpu='i686'
host_os='linux-gnu'
host_vendor='pc'
htmldir='${docdir}'
includedir='${prefix}/include'
infodir='${datarootdir}/info'
libdir='${exec_prefix}/lib'
libexecdir='${exec_prefix}/libexec'
lispdir='${datadir}/emacs/site-lisp'
localedir='${datarootdir}/locale'
localstatedir='${prefix}/var'
mandir='${datarootdir}/man'
oldincludedir='/usr/include'
pdfdir='${docdir}'
prefix='/usr/local'
program_transform_name='s,x,x,'
psdir='${docdir}'
release='1.20.6'
release_date=''
sbindir='${exec_prefix}/sbin'
sharedstatedir='${prefix}/com'
sysconfdir='${prefix}/etc'
target_alias=''

## ----------- ##
## confdefs.h. ##
## ----------- ##

#define PACKAGE_NAME "gpm"
#define PACKAGE_TARNAME "gpm"
#define PACKAGE_VERSION "1.20.6 20090209 10:59:23 +0100"
#define PACKAGE_STRING "gpm "version-set-in-.gitversion-via-acinclude.m4""
#define PACKAGE_BUGREPORT "http://unix.schottelius.org/gpm/"
#define GPM_ABI_LEV 2
#define GPM_ABI_AGE 1
#define GPM_ABI_REV 0
#define GPM_ABI_FULL "2.1.0"
#define STDC_HEADERS 1
#define HAVE_SYS_TYPES_H 1
#define HAVE_SYS_STAT_H 1
#define HAVE_STDLIB_H 1
#define HAVE_STRING_H 1
#define HAVE_MEMORY_H 1
#define HAVE_STRINGS_H 1
#define HAVE_INTTYPES_H 1
#define HAVE_STDINT_H 1
#define HAVE_UNISTD_H 1
#define HAVE_SYSLOG_H 1
#define HAVE_LINUX_INPUT_H 1
#define HAVE_LINUX_JOYSTICK_H 1
#define HAVE_NCURSES_H 1
#define HAVE_CURSES_H 1
#define HAVE_SYS_SYSMACROS_H 1
#define HAVE_LINUX_MAJOR_H 1
#define HAVE_LINUX_TTY_H 1
#define HAVE_SYS_SOCKET_H 1
#define HAVE___U32 1
#define HAVE_VSYSLOG 1
#define HAVE_SYSLOG 1
#define HAVE_ALLOCA_H 1
#define HAVE_ALLOCA 1
#define HAVE_LIBNCURSES 1
#define HAVE_LIBNCURSES 1

configure: exit 0
